<?xml version="1.0" encoding="UTF-8"?>
<!-- Generated by org.testng.reporters.JUnitXMLReporter -->
<testsuite ignored="0" hostname="DESKTOP-A56GNUH" failures="1" tests="1" name="Test" time="7.982" errors="0" timestamp="20 Jun 2020 20:01:26 GMT">
  <testcase classname="regression.TC001LoginExtentReports" name="verifyLogin" time="1.536">
    <failure type="java.lang.AssertionError" message="expected [Zero - Account Summary1] but found [Zero - Account Summary]">
      <![CDATA[java.lang.AssertionError: expected [Zero - Account Summary1] but found [Zero - Account Summary]
at regression.TC001LoginExtentReports.verifyLogin(TC001LoginExtentReports.java:47)
... Removed 31 stack frames]]>
    </failure>
  </testcase> <!-- verifyLogin -->
</testsuite> <!-- Test -->
